<?xml version="1.0" encoding="UTF-8"?>
<!-- Generated by org.testng.reporters.JUnitXMLReporter -->
<testsuite hostname="Siva-Praveen" ignored="0" name="Test" tests="9" failures="0" timestamp="20 Jun 2022 17:27:02 GMT" time="0.307" errors="0">
  <testcase name="Tc2" time="0.036" classname="com.testNG.co.D"/>
  <testcase name="Tc13" time="0.015" classname="com.testNG.co.E"/>
  <testcase name="Tc1" time="0.112" classname="com.testNG.co.D"/>
  <testcase name="Tc11" time="0.128" classname="com.testNG.co.E"/>
  <testcase name="Tc3" time="0.145" classname="com.testNG.co.D"/>
  <testcase name="Tc22" time="0.026" classname="com.testNG.co.F"/>
  <testcase name="Tc12" time="0.179" classname="com.testNG.co.E"/>
  <testcase name="Tc21" time="0.089" classname="com.testNG.co.F"/>
  <testcase name="Tc23" time="0.038" classname="com.testNG.co.F"/>
</testsuite> <!-- Test -->
